2018-12-11T22:54:24.686849Z 0 [Warning] TIMESTAMP with implicit DEFAULT value is deprecated. Please use --explicit_defaults_for_timestamp server option (see documentation for more details).
2018-12-11T22:54:24.871462Z 0 [Note] /usr/sbin/mysqld (mysqld 5.7.23) starting as process 24 ...
2018-12-11T22:54:24.876333Z 0 [Note] InnoDB: PUNCH HOLE support available
2018-12-11T22:54:24.876356Z 0 [Note] InnoDB: Mutexes and rw_locks use GCC atomic builtins
2018-12-11T22:54:24.876360Z 0 [Note] InnoDB: Uses event mutexes
2018-12-11T22:54:24.876451Z 0 [Note] InnoDB: GCC builtin __atomic_thread_fence() is used for memory barrier
2018-12-11T22:54:24.876459Z 0 [Note] InnoDB: Compressed tables use zlib 1.2.3
2018-12-11T22:54:24.876462Z 0 [Note] InnoDB: Using Linux native AIO
2018-12-11T22:54:24.876624Z 0 [Note] InnoDB: Number of pools: 1
2018-12-11T22:54:24.876697Z 0 [Note] InnoDB: Using CPU crc32 instructions
2018-12-11T22:54:24.878171Z 0 [Note] InnoDB: Initializing buffer pool, total size = 32M, instances = 1, chunk size = 32M
2018-12-11T22:54:24.879900Z 0 [Note] InnoDB: Completed initialization of buffer pool
2018-12-11T22:54:24.880672Z 0 [Note] InnoDB: If the mysqld execution user is authorized, page cleaner thread priority can be changed. See the man page of setpriority().
2018-12-11T22:54:24.892804Z 0 [Note] InnoDB: Highest supported file format is Barracuda.
2018-12-11T22:54:24.893226Z 0 [Note] InnoDB: Log scan progressed past the checkpoint lsn 2588963
2018-12-11T22:54:24.893239Z 0 [Note] InnoDB: Doing recovery: scanned up to log sequence number 2591784
2018-12-11T22:54:24.893550Z 0 [Note] InnoDB: Database was not shutdown normally!
2018-12-11T22:54:24.893558Z 0 [Note] InnoDB: Starting crash recovery.
2018-12-11T22:54:25.419140Z 0 [Note] InnoDB: Starting an apply batch of log records to the database...
InnoDB: Progress in percent: 16 17 18 19 20 21 22 23 24 25 26 27 28 29 30 31 32 33 34 35 36 37 38 39 40 41 42 43 44 45 46 47 48 49 50 51 52 53 54 55 56 57 58 59 60 61 62 63 64 65 66 67 68 69 70 71 72 73 74 75 76 77 78 79 80 81 82 83 84 85 86 87 88 89 90 91 92 93 94 95 96 97 98 99 
2018-12-11T22:54:25.428977Z 0 [Note] InnoDB: Apply batch completed
2018-12-11T22:54:25.535834Z 0 [Note] InnoDB: Removed temporary tablespace data file: "ibtmp1"
2018-12-11T22:54:25.535855Z 0 [Note] InnoDB: Creating shared tablespace for temporary tables
2018-12-11T22:54:25.535913Z 0 [Note] InnoDB: Setting file './ibtmp1' size to 12 MB. Physically writing the file full; Please wait ...
2018-12-11T22:54:25.675111Z 0 [Note] InnoDB: File './ibtmp1' size is now 12 MB.
2018-12-11T22:54:25.676914Z 0 [Note] InnoDB: 96 redo rollback segment(s) found. 96 redo rollback segment(s) are active.
2018-12-11T22:54:25.676955Z 0 [Note] InnoDB: 32 non-redo rollback segment(s) are active.
2018-12-11T22:54:25.678091Z 0 [Note] InnoDB: Waiting for purge to start
2018-12-11T22:54:25.728193Z 0 [Note] InnoDB: 5.7.23 started; log sequence number 2591784
2018-12-11T22:54:25.739597Z 0 [Note] InnoDB: Loading buffer pool(s) from /var/lib/mysql/ib_buffer_pool
2018-12-11T22:54:25.741051Z 0 [Note] InnoDB: Buffer pool(s) load completed at 181211 22:54:25
2018-12-11T22:54:25.775202Z 0 [Note] Plugin 'FEDERATED' is disabled.
2018-12-11T22:54:25.872043Z 0 [Warning] Failed to set up SSL because of the following SSL library error: SSL context is not usable without certificate and private key
2018-12-11T22:54:25.872065Z 0 [Note] Server hostname (bind-address): '*'; port: 3306
2018-12-11T22:54:25.872469Z 0 [Note] IPv6 is available.
2018-12-11T22:54:25.920102Z 0 [Note]   - '::' resolves to '::';
2018-12-11T22:54:25.920151Z 0 [Note] Server socket created on IP: '::'.
2018-12-11T22:54:26.061494Z 0 [Warning] Insecure configuration for --pid-file: Location '/var/run/mysqld' in the path is accessible to all OS users. Consider choosing a different directory.
2018-12-11T22:54:26.186613Z 0 [ERROR] /usr/sbin/mysqld: Table './mysql/user' is marked as crashed and should be repaired
2018-12-11T22:54:26.186948Z 0 [Warning] Checking table:   './mysql/user'
2018-12-11T22:54:26.186972Z 0 [ERROR] 1 client is using or hasn't closed the table properly
2018-12-11T22:54:26.187799Z 0 [Warning] 'user' entry 'root@localhost' ignored in --skip-name-resolve mode.
2018-12-11T22:54:26.187831Z 0 [Warning] 'user' entry 'mysql.session@localhost' ignored in --skip-name-resolve mode.
2018-12-11T22:54:26.187837Z 0 [Warning] 'user' entry 'mysql.sys@localhost' ignored in --skip-name-resolve mode.
2018-12-11T22:54:26.187853Z 0 [Warning] 'db' entry 'performance_schema mysql.session@localhost' ignored in --skip-name-resolve mode.
2018-12-11T22:54:26.187856Z 0 [Warning] 'db' entry 'sys mysql.sys@localhost' ignored in --skip-name-resolve mode.
2018-12-11T22:54:26.187864Z 0 [Warning] 'proxies_priv' entry '@ root@localhost' ignored in --skip-name-resolve mode.
2018-12-11T22:54:26.189205Z 0 [Warning] 'tables_priv' entry 'user mysql.session@localhost' ignored in --skip-name-resolve mode.
2018-12-11T22:54:26.189221Z 0 [Warning] 'tables_priv' entry 'sys_config mysql.sys@localhost' ignored in --skip-name-resolve mode.
2018-12-11T22:54:26.315264Z 0 [Note] Event Scheduler: Loaded 0 events
2018-12-11T22:54:26.315654Z 0 [Note] /usr/sbin/mysqld: ready for connections.
Version: '5.7.23'  socket: '/var/run/mysqld/mysqld.sock'  port: 3306  MySQL Community Server (GPL)
2018-12-11T22:54:43.211186Z 4 [ERROR] /usr/sbin/mysqld: Table './mysql/proc' is marked as crashed and should be repaired
2018-12-11T22:54:43.211764Z 4 [Warning] Checking table:   './mysql/proc'
2018-12-11T22:54:43.224183Z 6 [Warning] 'user' entry 'root@localhost' ignored in --skip-name-resolve mode.
2018-12-11T22:54:43.224209Z 6 [Warning] 'user' entry 'mysql.session@localhost' ignored in --skip-name-resolve mode.
2018-12-11T22:54:43.224215Z 6 [Warning] 'user' entry 'mysql.sys@localhost' ignored in --skip-name-resolve mode.
2018-12-11T22:54:43.224231Z 6 [Warning] 'db' entry 'performance_schema mysql.session@localhost' ignored in --skip-name-resolve mode.
2018-12-11T22:54:43.224234Z 6 [Warning] 'db' entry 'sys mysql.sys@localhost' ignored in --skip-name-resolve mode.
2018-12-11T22:54:43.224242Z 6 [Warning] 'proxies_priv' entry '@ root@localhost' ignored in --skip-name-resolve mode.
2018-12-11T22:54:43.224362Z 6 [Warning] 'tables_priv' entry 'user mysql.session@localhost' ignored in --skip-name-resolve mode.
2018-12-11T22:54:43.224370Z 6 [Warning] 'tables_priv' entry 'sys_config mysql.sys@localhost' ignored in --skip-name-resolve mode.
2018-12-12T02:36:38.908404Z 0 [Note] Giving 1 client threads a chance to die gracefully
2018-12-12T02:36:38.939090Z 0 [Note] Shutting down slave threads
2018-12-12T02:36:40.951918Z 0 [Note] Forcefully disconnecting 0 remaining clients
2018-12-12T02:36:40.952015Z 0 [Note] Event Scheduler: Purging the queue. 0 events
2018-12-12T02:36:40.952138Z 0 [Note] Binlog end
2018-12-12T02:36:40.954112Z 0 [Note] Shutting down plugin 'ngram'
2018-12-12T02:36:40.954176Z 0 [Note] Shutting down plugin 'partition'
2018-12-12T02:36:40.954182Z 0 [Note] Shutting down plugin 'BLACKHOLE'
2018-12-12T02:36:40.954187Z 0 [Note] Shutting down plugin 'ARCHIVE'
2018-12-12T02:36:40.954191Z 0 [Note] Shutting down plugin 'PERFORMANCE_SCHEMA'
2018-12-12T02:36:40.954226Z 0 [Note] Shutting down plugin 'MRG_MYISAM'
2018-12-12T02:36:40.954232Z 0 [Note] Shutting down plugin 'MyISAM'
2018-12-12T02:36:40.954248Z 0 [Note] Shutting down plugin 'INNODB_SYS_VIRTUAL'
2018-12-12T02:36:40.954253Z 0 [Note] Shutting down plugin 'INNODB_SYS_DATAFILES'
2018-12-12T02:36:40.954257Z 0 [Note] Shutting down plugin 'INNODB_SYS_TABLESPACES'
2018-12-12T02:36:40.954260Z 0 [Note] Shutting down plugin 'INNODB_SYS_FOREIGN_COLS'
2018-12-12T02:36:40.954264Z 0 [Note] Shutting down plugin 'INNODB_SYS_FOREIGN'
2018-12-12T02:36:40.954268Z 0 [Note] Shutting down plugin 'INNODB_SYS_FIELDS'
2018-12-12T02:36:40.954271Z 0 [Note] Shutting down plugin 'INNODB_SYS_COLUMNS'
2018-12-12T02:36:40.954274Z 0 [Note] Shutting down plugin 'INNODB_SYS_INDEXES'
2018-12-12T02:36:40.954277Z 0 [Note] Shutting down plugin 'INNODB_SYS_TABLESTATS'
2018-12-12T02:36:40.954281Z 0 [Note] Shutting down plugin 'INNODB_SYS_TABLES'
2018-12-12T02:36:40.954284Z 0 [Note] Shutting down plugin 'INNODB_FT_INDEX_TABLE'
2018-12-12T02:36:40.954300Z 0 [Note] Shutting down plugin 'INNODB_FT_INDEX_CACHE'
2018-12-12T02:36:40.954305Z 0 [Note] Shutting down plugin 'INNODB_FT_CONFIG'
2018-12-12T02:36:40.954309Z 0 [Note] Shutting down plugin 'INNODB_FT_BEING_DELETED'
2018-12-12T02:36:40.954311Z 0 [Note] Shutting down plugin 'INNODB_FT_DELETED'
2018-12-12T02:36:40.954313Z 0 [Note] Shutting down plugin 'INNODB_FT_DEFAULT_STOPWORD'
2018-12-12T02:36:40.954315Z 0 [Note] Shutting down plugin 'INNODB_METRICS'
2018-12-12T02:36:40.954317Z 0 [Note] Shutting down plugin 'INNODB_TEMP_TABLE_INFO'
2018-12-12T02:36:40.954320Z 0 [Note] Shutting down plugin 'INNODB_BUFFER_POOL_STATS'
2018-12-12T02:36:40.954322Z 0 [Note] Shutting down plugin 'INNODB_BUFFER_PAGE_LRU'
2018-12-12T02:36:40.954324Z 0 [Note] Shutting down plugin 'INNODB_BUFFER_PAGE'
2018-12-12T02:36:40.954326Z 0 [Note] Shutting down plugin 'INNODB_CMP_PER_INDEX_RESET'
2018-12-12T02:36:40.954328Z 0 [Note] Shutting down plugin 'INNODB_CMP_PER_INDEX'
2018-12-12T02:36:40.954330Z 0 [Note] Shutting down plugin 'INNODB_CMPMEM_RESET'
2018-12-12T02:36:40.954332Z 0 [Note] Shutting down plugin 'INNODB_CMPMEM'
2018-12-12T02:36:40.954334Z 0 [Note] Shutting down plugin 'INNODB_CMP_RESET'
2018-12-12T02:36:40.954337Z 0 [Note] Shutting down plugin 'INNODB_CMP'
2018-12-12T02:36:40.954339Z 0 [Note] Shutting down plugin 'INNODB_LOCK_WAITS'
2018-12-12T02:36:40.954341Z 0 [Note] Shutting down plugin 'INNODB_LOCKS'
2018-12-12T02:36:40.954343Z 0 [Note] Shutting down plugin 'INNODB_TRX'
2018-12-12T02:36:40.954345Z 0 [Note] Shutting down plugin 'InnoDB'
2018-12-12T02:36:40.954451Z 0 [Note] InnoDB: FTS optimize thread exiting.
2018-12-12T02:36:40.954808Z 0 [Note] InnoDB: Starting shutdown...
2018-12-12T02:36:41.056473Z 0 [Note] InnoDB: Dumping buffer pool(s) to /var/lib/mysql/ib_buffer_pool
2018-12-12T02:36:41.140238Z 0 [Note] InnoDB: Buffer pool(s) dump completed at 181212  2:36:41
2018-12-12T16:21:44.477102Z 0 [Warning] TIMESTAMP with implicit DEFAULT value is deprecated. Please use --explicit_defaults_for_timestamp server option (see documentation for more details).
2018-12-12T16:21:44.477392Z 0 [Note] /usr/sbin/mysqld (mysqld 5.7.23) starting as process 77 ...
2018-12-12T16:21:44.569632Z 0 [Note] InnoDB: PUNCH HOLE support available
2018-12-12T16:21:44.569662Z 0 [Note] InnoDB: Mutexes and rw_locks use GCC atomic builtins
2018-12-12T16:21:44.569666Z 0 [Note] InnoDB: Uses event mutexes
2018-12-12T16:21:44.569669Z 0 [Note] InnoDB: GCC builtin __atomic_thread_fence() is used for memory barrier
2018-12-12T16:21:44.569672Z 0 [Note] InnoDB: Compressed tables use zlib 1.2.3
2018-12-12T16:21:44.569675Z 0 [Note] InnoDB: Using Linux native AIO
2018-12-12T16:21:44.569864Z 0 [Note] InnoDB: Number of pools: 1
2018-12-12T16:21:44.569956Z 0 [Note] InnoDB: Using CPU crc32 instructions
2018-12-12T16:21:44.574651Z 0 [Note] InnoDB: Initializing buffer pool, total size = 32M, instances = 1, chunk size = 32M
2018-12-12T16:21:44.587531Z 0 [Note] InnoDB: Completed initialization of buffer pool
2018-12-12T16:21:44.588428Z 0 [Note] InnoDB: If the mysqld execution user is authorized, page cleaner thread priority can be changed. See the man page of setpriority().
2018-12-12T16:21:44.600759Z 0 [Note] InnoDB: Highest supported file format is Barracuda.
2018-12-12T16:21:44.601180Z 0 [Note] InnoDB: Log scan progressed past the checkpoint lsn 4086148
2018-12-12T16:21:44.601328Z 0 [Note] InnoDB: Doing recovery: scanned up to log sequence number 4086157
2018-12-12T16:21:44.601345Z 0 [Note] InnoDB: Database was not shutdown normally!
2018-12-12T16:21:44.601348Z 0 [Note] InnoDB: Starting crash recovery.
2018-12-12T16:21:44.735233Z 0 [Note] InnoDB: Removed temporary tablespace data file: "ibtmp1"
2018-12-12T16:21:44.735412Z 0 [Note] InnoDB: Creating shared tablespace for temporary tables
2018-12-12T16:21:44.735532Z 0 [Note] InnoDB: Setting file './ibtmp1' size to 12 MB. Physically writing the file full; Please wait ...
2018-12-12T16:21:44.789384Z 0 [Note] InnoDB: File './ibtmp1' size is now 12 MB.
2018-12-12T16:21:44.790058Z 0 [Note] InnoDB: 96 redo rollback segment(s) found. 96 redo rollback segment(s) are active.
2018-12-12T16:21:44.790077Z 0 [Note] InnoDB: 32 non-redo rollback segment(s) are active.
2018-12-12T16:21:44.790479Z 0 [Note] InnoDB: Waiting for purge to start
2018-12-12T16:21:44.841350Z 0 [Note] InnoDB: 5.7.23 started; log sequence number 4086157
2018-12-12T16:21:44.844044Z 0 [Note] Plugin 'FEDERATED' is disabled.
2018-12-12T16:21:44.847252Z 0 [Note] InnoDB: Loading buffer pool(s) from /var/lib/mysql/ib_buffer_pool
2018-12-12T16:21:44.847800Z 0 [Note] InnoDB: Buffer pool(s) load completed at 181212 16:21:44
2018-12-12T16:21:44.855873Z 0 [Warning] Failed to set up SSL because of the following SSL library error: SSL context is not usable without certificate and private key
2018-12-12T16:21:44.855893Z 0 [Note] Server hostname (bind-address): '*'; port: 3306
2018-12-12T16:21:44.855939Z 0 [Note] IPv6 is available.
2018-12-12T16:21:44.855948Z 0 [Note]   - '::' resolves to '::';
2018-12-12T16:21:44.855954Z 0 [Note] Server socket created on IP: '::'.
2018-12-12T16:21:44.864424Z 0 [Warning] Insecure configuration for --pid-file: Location '/var/run/mysqld' in the path is accessible to all OS users. Consider choosing a different directory.
2018-12-12T16:21:44.865481Z 0 [Warning] 'user' entry 'root@localhost' ignored in --skip-name-resolve mode.
2018-12-12T16:21:44.865509Z 0 [Warning] 'user' entry 'mysql.session@localhost' ignored in --skip-name-resolve mode.
2018-12-12T16:21:44.865517Z 0 [Warning] 'user' entry 'mysql.sys@localhost' ignored in --skip-name-resolve mode.
2018-12-12T16:21:44.865538Z 0 [Warning] 'db' entry 'performance_schema mysql.session@localhost' ignored in --skip-name-resolve mode.
2018-12-12T16:21:44.865542Z 0 [Warning] 'db' entry 'sys mysql.sys@localhost' ignored in --skip-name-resolve mode.
2018-12-12T16:21:44.865550Z 0 [Warning] 'proxies_priv' entry '@ root@localhost' ignored in --skip-name-resolve mode.
2018-12-12T16:21:44.866637Z 0 [Warning] 'tables_priv' entry 'user mysql.session@localhost' ignored in --skip-name-resolve mode.
2018-12-12T16:21:44.866652Z 0 [Warning] 'tables_priv' entry 'sys_config mysql.sys@localhost' ignored in --skip-name-resolve mode.
2018-12-12T16:21:44.882272Z 0 [Note] Event Scheduler: Loaded 0 events
2018-12-12T16:21:44.882445Z 0 [Note] /usr/sbin/mysqld: ready for connections.
Version: '5.7.23'  socket: '/var/run/mysqld/mysqld.sock'  port: 3306  MySQL Community Server (GPL)
2018-12-12T19:47:36.557374Z 0 [Note] Giving 0 client threads a chance to die gracefully
2018-12-12T19:47:36.588546Z 0 [Note] Shutting down slave threads
2018-12-12T19:47:36.588564Z 0 [Note] Forcefully disconnecting 0 remaining clients
2018-12-12T19:47:36.588572Z 0 [Note] Event Scheduler: Purging the queue. 0 events
2018-12-12T19:47:36.588645Z 0 [Note] Binlog end
2018-12-12T19:47:36.618356Z 0 [Note] Shutting down plugin 'ngram'
2018-12-12T19:47:36.618380Z 0 [Note] Shutting down plugin 'partition'
2018-12-12T19:47:36.618384Z 0 [Note] Shutting down plugin 'BLACKHOLE'
2018-12-12T19:47:36.618387Z 0 [Note] Shutting down plugin 'ARCHIVE'
2018-12-12T19:47:36.618390Z 0 [Note] Shutting down plugin 'PERFORMANCE_SCHEMA'
2018-12-12T19:47:36.618410Z 0 [Note] Shutting down plugin 'MRG_MYISAM'
2018-12-12T19:47:36.618413Z 0 [Note] Shutting down plugin 'MyISAM'
2018-12-12T19:47:36.618422Z 0 [Note] Shutting down plugin 'INNODB_SYS_VIRTUAL'
2018-12-12T19:47:36.618425Z 0 [Note] Shutting down plugin 'INNODB_SYS_DATAFILES'
2018-12-12T19:47:36.618427Z 0 [Note] Shutting down plugin 'INNODB_SYS_TABLESPACES'
2018-12-12T19:47:36.618429Z 0 [Note] Shutting down plugin 'INNODB_SYS_FOREIGN_COLS'
2018-12-12T19:47:36.618431Z 0 [Note] Shutting down plugin 'INNODB_SYS_FOREIGN'
2018-12-12T19:47:36.618434Z 0 [Note] Shutting down plugin 'INNODB_SYS_FIELDS'
2018-12-12T19:47:36.618435Z 0 [Note] Shutting down plugin 'INNODB_SYS_COLUMNS'
2018-12-12T19:47:36.618437Z 0 [Note] Shutting down plugin 'INNODB_SYS_INDEXES'
2018-12-12T19:47:36.618440Z 0 [Note] Shutting down plugin 'INNODB_SYS_TABLESTATS'
2018-12-12T19:47:36.618442Z 0 [Note] Shutting down plugin 'INNODB_SYS_TABLES'
2018-12-12T19:47:36.618450Z 0 [Note] Shutting down plugin 'INNODB_FT_INDEX_TABLE'
2018-12-12T19:47:36.618452Z 0 [Note] Shutting down plugin 'INNODB_FT_INDEX_CACHE'
2018-12-12T19:47:36.618454Z 0 [Note] Shutting down plugin 'INNODB_FT_CONFIG'
2018-12-12T19:47:36.618456Z 0 [Note] Shutting down plugin 'INNODB_FT_BEING_DELETED'
2018-12-12T19:47:36.618458Z 0 [Note] Shutting down plugin 'INNODB_FT_DELETED'
2018-12-12T19:47:36.618460Z 0 [Note] Shutting down plugin 'INNODB_FT_DEFAULT_STOPWORD'
2018-12-12T19:47:36.618462Z 0 [Note] Shutting down plugin 'INNODB_METRICS'
2018-12-12T19:47:36.618464Z 0 [Note] Shutting down plugin 'INNODB_TEMP_TABLE_INFO'
2018-12-12T19:47:36.618466Z 0 [Note] Shutting down plugin 'INNODB_BUFFER_POOL_STATS'
2018-12-12T19:47:36.618468Z 0 [Note] Shutting down plugin 'INNODB_BUFFER_PAGE_LRU'
2018-12-12T19:47:36.618470Z 0 [Note] Shutting down plugin 'INNODB_BUFFER_PAGE'
2018-12-12T19:47:36.618472Z 0 [Note] Shutting down plugin 'INNODB_CMP_PER_INDEX_RESET'
2018-12-12T19:47:36.618474Z 0 [Note] Shutting down plugin 'INNODB_CMP_PER_INDEX'
2018-12-12T19:47:36.618475Z 0 [Note] Shutting down plugin 'INNODB_CMPMEM_RESET'
2018-12-12T19:47:36.618477Z 0 [Note] Shutting down plugin 'INNODB_CMPMEM'
2018-12-12T19:47:36.618479Z 0 [Note] Shutting down plugin 'INNODB_CMP_RESET'
2018-12-12T19:47:36.618481Z 0 [Note] Shutting down plugin 'INNODB_CMP'
2018-12-12T19:47:36.618483Z 0 [Note] Shutting down plugin 'INNODB_LOCK_WAITS'
2018-12-12T19:47:36.618485Z 0 [Note] Shutting down plugin 'INNODB_LOCKS'
2018-12-12T19:47:36.618487Z 0 [Note] Shutting down plugin 'INNODB_TRX'
2018-12-12T19:47:36.618489Z 0 [Note] Shutting down plugin 'InnoDB'
2018-12-12T19:47:36.618540Z 0 [Note] InnoDB: FTS optimize thread exiting.
2018-12-12T19:47:36.618738Z 0 [Note] InnoDB: Starting shutdown...
2018-12-12T19:47:36.719210Z 0 [Note] InnoDB: Dumping buffer pool(s) to /var/lib/mysql/ib_buffer_pool
2018-12-12T19:47:36.719435Z 0 [Note] InnoDB: Buffer pool(s) dump completed at 181212 19:47:36
2018-12-12T19:47:38.048226Z 0 [Note] InnoDB: Shutdown completed; log sequence number 4687752
2018-12-12T19:47:38.048477Z 0 [Note] InnoDB: Removed temporary tablespace data file: "ibtmp1"
2018-12-12T19:47:38.048487Z 0 [Note] Shutting down plugin 'MEMORY'
2018-12-12T19:47:38.048491Z 0 [Note] Shutting down plugin 'CSV'
2018-12-12T19:47:38.048495Z 0 [Note] Shutting down plugin 'sha256_password'
2018-12-12T19:47:38.048497Z 0 [Note] Shutting down plugin 'mysql_native_password'
2018-12-12T19:47:38.048739Z 0 [Note] Shutting down plugin 'binlog'
2018-12-12T19:47:38.049113Z 0 [Note] /usr/sbin/mysqld: Shutdown complete

2018-12-13T01:42:31.806669Z 0 [Warning] TIMESTAMP with implicit DEFAULT value is deprecated. Please use --explicit_defaults_for_timestamp server option (see documentation for more details).
2018-12-13T01:42:31.935923Z 0 [Note] /usr/sbin/mysqld (mysqld 5.7.23) starting as process 70 ...
2018-12-13T01:42:32.329852Z 0 [Note] InnoDB: PUNCH HOLE support available
2018-12-13T01:42:32.329884Z 0 [Note] InnoDB: Mutexes and rw_locks use GCC atomic builtins
2018-12-13T01:42:32.329888Z 0 [Note] InnoDB: Uses event mutexes
2018-12-13T01:42:32.329891Z 0 [Note] InnoDB: GCC builtin __atomic_thread_fence() is used for memory barrier
2018-12-13T01:42:32.329894Z 0 [Note] InnoDB: Compressed tables use zlib 1.2.3
2018-12-13T01:42:32.329897Z 0 [Note] InnoDB: Using Linux native AIO
2018-12-13T01:42:32.332466Z 0 [Note] InnoDB: Number of pools: 1
2018-12-13T01:42:32.336908Z 0 [Note] InnoDB: Using CPU crc32 instructions
2018-12-13T01:42:32.355553Z 0 [Note] InnoDB: Initializing buffer pool, total size = 32M, instances = 1, chunk size = 32M
2018-12-13T01:42:32.359242Z 0 [Note] InnoDB: Completed initialization of buffer pool
2018-12-13T01:42:32.370518Z 0 [Note] InnoDB: If the mysqld execution user is authorized, page cleaner thread priority can be changed. See the man page of setpriority().
2018-12-13T01:42:32.462719Z 0 [Note] InnoDB: Highest supported file format is Barracuda.
2018-12-13T01:42:32.952367Z 0 [Note] InnoDB: Creating shared tablespace for temporary tables
2018-12-13T01:42:32.952465Z 0 [Note] InnoDB: Setting file './ibtmp1' size to 12 MB. Physically writing the file full; Please wait ...
2018-12-13T01:42:33.226659Z 0 [Note] InnoDB: File './ibtmp1' size is now 12 MB.
2018-12-13T01:42:33.227184Z 0 [Note] InnoDB: 96 redo rollback segment(s) found. 96 redo rollback segment(s) are active.
2018-12-13T01:42:33.227192Z 0 [Note] InnoDB: 32 non-redo rollback segment(s) are active.
2018-12-13T01:42:33.227692Z 0 [Note] InnoDB: Waiting for purge to start
2018-12-13T01:42:33.278418Z 0 [Note] InnoDB: 5.7.23 started; log sequence number 4687752
2018-12-13T01:42:33.279122Z 0 [Note] InnoDB: Loading buffer pool(s) from /var/lib/mysql/ib_buffer_pool
2018-12-13T01:42:33.312309Z 0 [Note] Plugin 'FEDERATED' is disabled.
2018-12-13T01:42:33.923527Z 0 [Warning] Failed to set up SSL because of the following SSL library error: SSL context is not usable without certificate and private key
2018-12-13T01:42:33.923552Z 0 [Note] Server hostname (bind-address): '*'; port: 3306
2018-12-13T01:42:33.934421Z 0 [Note] IPv6 is available.
2018-12-13T01:42:33.972121Z 0 [Note]   - '::' resolves to '::';
2018-12-13T01:42:33.972348Z 0 [Note] Server socket created on IP: '::'.
2018-12-13T01:42:34.009854Z 0 [Warning] Insecure configuration for --pid-file: Location '/var/run/mysqld' in the path is accessible to all OS users. Consider choosing a different directory.
2018-12-13T01:42:34.257903Z 0 [Warning] 'user' entry 'root@localhost' ignored in --skip-name-resolve mode.
2018-12-13T01:42:34.258016Z 0 [Warning] 'user' entry 'mysql.session@localhost' ignored in --skip-name-resolve mode.
2018-12-13T01:42:34.258029Z 0 [Warning] 'user' entry 'mysql.sys@localhost' ignored in --skip-name-resolve mode.
2018-12-13T01:42:34.294120Z 0 [Warning] 'db' entry 'performance_schema mysql.session@localhost' ignored in --skip-name-resolve mode.
2018-12-13T01:42:34.294156Z 0 [Warning] 'db' entry 'sys mysql.sys@localhost' ignored in --skip-name-resolve mode.
2018-12-13T01:42:34.314834Z 0 [Warning] 'proxies_priv' entry '@ root@localhost' ignored in --skip-name-resolve mode.
2018-12-13T01:42:34.696194Z 0 [Note] InnoDB: Buffer pool(s) load completed at 181213  1:42:34
2018-12-13T01:42:34.710742Z 0 [Warning] 'tables_priv' entry 'user mysql.session@localhost' ignored in --skip-name-resolve mode.
2018-12-13T01:42:34.710781Z 0 [Warning] 'tables_priv' entry 'sys_config mysql.sys@localhost' ignored in --skip-name-resolve mode.
2018-12-13T01:42:35.157209Z 0 [Note] Event Scheduler: Loaded 0 events
2018-12-13T01:42:35.157423Z 0 [Note] /usr/sbin/mysqld: ready for connections.
Version: '5.7.23'  socket: '/var/run/mysqld/mysqld.sock'  port: 3306  MySQL Community Server (GPL)
2018-12-13T20:14:14.733742Z 0 [Warning] TIMESTAMP with implicit DEFAULT value is deprecated. Please use --explicit_defaults_for_timestamp server option (see documentation for more details).
2018-12-13T20:14:14.819237Z 0 [Note] /usr/sbin/mysqld (mysqld 5.7.23) starting as process 74 ...
2018-12-13T20:14:15.101346Z 0 [Note] InnoDB: PUNCH HOLE support available
2018-12-13T20:14:15.101379Z 0 [Note] InnoDB: Mutexes and rw_locks use GCC atomic builtins
2018-12-13T20:14:15.101383Z 0 [Note] InnoDB: Uses event mutexes
2018-12-13T20:14:15.101386Z 0 [Note] InnoDB: GCC builtin __atomic_thread_fence() is used for memory barrier
2018-12-13T20:14:15.101389Z 0 [Note] InnoDB: Compressed tables use zlib 1.2.3
2018-12-13T20:14:15.101391Z 0 [Note] InnoDB: Using Linux native AIO
2018-12-13T20:14:15.103386Z 0 [Note] InnoDB: Number of pools: 1
2018-12-13T20:14:15.108645Z 0 [Note] InnoDB: Using CPU crc32 instructions
2018-12-13T20:14:15.126440Z 0 [Note] InnoDB: Initializing buffer pool, total size = 32M, instances = 1, chunk size = 32M
2018-12-13T20:14:15.130799Z 0 [Note] InnoDB: Completed initialization of buffer pool
2018-12-13T20:14:15.138527Z 0 [Note] InnoDB: If the mysqld execution user is authorized, page cleaner thread priority can be changed. See the man page of setpriority().
2018-12-13T20:14:15.211216Z 0 [Note] InnoDB: Highest supported file format is Barracuda.
2018-12-13T20:14:15.275428Z 0 [Note] InnoDB: Log scan progressed past the checkpoint lsn 4858210
2018-12-13T20:14:15.275464Z 0 [Note] InnoDB: Doing recovery: scanned up to log sequence number 4858219
2018-12-13T20:14:15.275468Z 0 [Note] InnoDB: Database was not shutdown normally!
2018-12-13T20:14:15.275471Z 0 [Note] InnoDB: Starting crash recovery.
2018-12-13T20:14:16.567876Z 0 [Note] InnoDB: Removed temporary tablespace data file: "ibtmp1"
2018-12-13T20:14:16.567914Z 0 [Note] InnoDB: Creating shared tablespace for temporary tables
2018-12-13T20:14:16.567999Z 0 [Note] InnoDB: Setting file './ibtmp1' size to 12 MB. Physically writing the file full; Please wait ...
2018-12-13T20:14:16.732951Z 0 [Note] InnoDB: File './ibtmp1' size is now 12 MB.
2018-12-13T20:14:16.733489Z 0 [Note] InnoDB: 96 redo rollback segment(s) found. 96 redo rollback segment(s) are active.
2018-12-13T20:14:16.733499Z 0 [Note] InnoDB: 32 non-redo rollback segment(s) are active.
2018-12-13T20:14:16.735844Z 0 [Note] InnoDB: Waiting for purge to start
2018-12-13T20:14:16.785968Z 0 [Note] InnoDB: 5.7.23 started; log sequence number 4858219
2018-12-13T20:14:16.791334Z 0 [Note] InnoDB: Loading buffer pool(s) from /var/lib/mysql/ib_buffer_pool
2018-12-13T20:14:16.805950Z 0 [Note] Plugin 'FEDERATED' is disabled.
2018-12-13T20:14:17.014054Z 0 [Warning] Failed to set up SSL because of the following SSL library error: SSL context is not usable without certificate and private key
2018-12-13T20:14:17.014082Z 0 [Note] Server hostname (bind-address): '*'; port: 3306
2018-12-13T20:14:17.014552Z 0 [Note] IPv6 is available.
2018-12-13T20:14:17.041781Z 0 [Note]   - '::' resolves to '::';
2018-12-13T20:14:17.041825Z 0 [Note] Server socket created on IP: '::'.
2018-12-13T20:14:17.173219Z 0 [Warning] Insecure configuration for --pid-file: Location '/var/run/mysqld' in the path is accessible to all OS users. Consider choosing a different directory.
2018-12-13T20:14:17.173790Z 0 [Note] InnoDB: Buffer pool(s) load completed at 181213 20:14:17
2018-12-13T20:14:17.279893Z 0 [Warning] 'user' entry 'root@localhost' ignored in --skip-name-resolve mode.
2018-12-13T20:14:17.279939Z 0 [Warning] 'user' entry 'mysql.session@localhost' ignored in --skip-name-resolve mode.
2018-12-13T20:14:17.279946Z 0 [Warning] 'user' entry 'mysql.sys@localhost' ignored in --skip-name-resolve mode.
2018-12-13T20:14:17.287948Z 0 [Warning] 'db' entry 'performance_schema mysql.session@localhost' ignored in --skip-name-resolve mode.
2018-12-13T20:14:17.287978Z 0 [Warning] 'db' entry 'sys mysql.sys@localhost' ignored in --skip-name-resolve mode.
2018-12-13T20:14:17.288298Z 0 [Warning] 'proxies_priv' entry '@ root@localhost' ignored in --skip-name-resolve mode.
2018-12-13T20:14:17.343418Z 0 [Warning] 'tables_priv' entry 'user mysql.session@localhost' ignored in --skip-name-resolve mode.
2018-12-13T20:14:17.343441Z 0 [Warning] 'tables_priv' entry 'sys_config mysql.sys@localhost' ignored in --skip-name-resolve mode.
2018-12-13T20:14:17.631509Z 0 [Note] Event Scheduler: Loaded 0 events
2018-12-13T20:14:17.631769Z 0 [Note] /usr/sbin/mysqld: ready for connections.
Version: '5.7.23'  socket: '/var/run/mysqld/mysqld.sock'  port: 3306  MySQL Community Server (GPL)
